app/build/outputs/logs/manifest-merger-debug-report.txt
-- Merging decision tree log ---
manifest
ADDED from src\main\AndroidManifest.xml:2:1-126:12
	package
		ADDED from src\main\AndroidManifest.xml:4:2-35
		INJECTED from src\main\AndroidManifest.xml
		INJECTED from src\main\AndroidManifest.xml
	android:versionCode
		ADDED from src\main\AndroidManifest.xml:5:2-26
		INJECTED from src\main\AndroidManifest.xml
		INJECTED from src\main\AndroidManifest.xml
	xmlns:android
		ADDED from src\main\AndroidManifest.xml:3:2-60
	android:installLocation
		ADDED from src\main\AndroidManifest.xml:7:2-32
uses-sdk
ADDED from src\main\AndroidManifest.xml:8:2-11:4
	android:targetSdkVersion
		ADDED from src\main\AndroidManifest.xml:10:3-32
		INJECTED from src\main\AndroidManifest.xml
		INJECTED from src\main\AndroidManifest.xml
	android:minSdkVersion
		ADDED from src\main\AndroidManifest.xml:9:3-28
		INJECTED from src\main\AndroidManifest.xml
		INJECTED from src\main\AndroidManifest.xml
uses-permission#android.permission.INTERNET
ADDED from src\main\AndroidManifest.xml:12:2-63
	android:name
		ADDED from src\main\AndroidManifest.xml:12:19-61
uses-permission#android.permission.VIBRATE
ADDED from src\main\AndroidManifest.xml:13:2-62
	android:name
		ADDED from src\main\AndroidManifest.xml:13:19-60
uses-permission#android.permission.WRITE_EXTERNAL_STORAGE
ADDED from src\main\AndroidManifest.xml:14:2-77
	android:name
		ADDED from src\main\AndroidManifest.xml:14:19-75
application
ADDED from src\main\AndroidManifest.xml:15:2-125:16
	android:enabled
		ADDED from src\main\AndroidManifest.xml:16:3-25
	android:label
		ADDED from src\main\AndroidManifest.xml:20:3-35
	android:hardwareAccelerated
		ADDED from src\main\AndroidManifest.xml:18:3-37
	android:allowBackup
		ADDED from src\main\AndroidManifest.xml:17:3-29
	android:icon
		ADDED from src\main\AndroidManifest.xml:19:3-32
	android:description
		ADDED from src\main\AndroidManifest.xml:21:3-48
activity#com.beatsportable.beats.MenuHome
ADDED from src\main\AndroidManifest.xml:22:3-28:14
	android:name
		ADDED from src\main\AndroidManifest.xml:23:4-28
intent-filter#android.intent.action.MAIN+android.intent.category.LAUNCHER
ADDED from src\main\AndroidManifest.xml:24:4-27:20
action#android.intent.action.MAIN
ADDED from src\main\AndroidManifest.xml:25:5-57
	android:name
		ADDED from src\main\AndroidManifest.xml:25:13-54
category#android.intent.category.LAUNCHER
ADDED from src\main\AndroidManifest.xml:26:5-65
	android:name
		ADDED from src\main\AndroidManifest.xml:26:15-62
activity#com.beatsportable.beats.ToolsDownloader
ADDED from src\main\AndroidManifest.xml:29:3-47:14
	android:configChanges
		ADDED from src\main\AndroidManifest.xml:31:4-65
	android:name
		ADDED from src\main\AndroidManifest.xml:30:4-35
intent-filter#android.intent.action.VIEW+android.intent.category.BROWSABLE+android.intent.category.DEFAULT
ADDED from src\main\AndroidManifest.xml:37:4-46:20
action#android.intent.action.VIEW
ADDED from src\main\AndroidManifest.xml:38:5-56
	android:name
		ADDED from src\main\AndroidManifest.xml:38:13-54
category#android.intent.category.DEFAULT
ADDED from src\main\AndroidManifest.xml:39:5-64
	android:name
		ADDED from src\main\AndroidManifest.xml:39:15-61
category#android.intent.category.BROWSABLE
ADDED from src\main\AndroidManifest.xml:40:5-66
	android:name
		ADDED from src\main\AndroidManifest.xml:40:15-63
data
ADDED from src\main\AndroidManifest.xml:41:6-45:8
	android:host
		ADDED from src\main\AndroidManifest.xml:43:7-23
	android:scheme
		ADDED from src\main\AndroidManifest.xml:42:7-28
	android:pathPattern
		ADDED from src\main\AndroidManifest.xml:44:7-39
activity#com.beatsportable.beats.ToolsUnzipperActivity
ADDED from src\main\AndroidManifest.xml:48:3-108:14
	android:configChanges
		ADDED from src\main\AndroidManifest.xml:50:4-65
	android:name
		ADDED from src\main\AndroidManifest.xml:49:4-41
intent-filter#android.intent.action.MAIN+android.intent.action.VIEW+android.intent.category.BROWSABLE+android.intent.category.DEFAULT
ADDED from src\main\AndroidManifest.xml:51:4-59:20
activity#com.beatsportable.beats.MenuCredits
ADDED from src\main\AndroidManifest.xml:109:3-115:14
	android:name
		ADDED from src\main\AndroidManifest.xml:110:4-31
intent-filter#.MenuCredits+android.intent.category.DEFAULT
ADDED from src\main\AndroidManifest.xml:111:4-114:20
action#.MenuCredits
ADDED from src\main\AndroidManifest.xml:113:5-43
	android:name
		ADDED from src\main\AndroidManifest.xml:113:13-40
activity#com.beatsportable.beats.MenuFileChooser
ADDED from src\main\AndroidManifest.xml:116:3-118:67
	android:configChanges
		ADDED from src\main\AndroidManifest.xml:118:4-65
	android:name
		ADDED from src\main\AndroidManifest.xml:117:4-35
activity#com.beatsportable.beats.MenuSettings
ADDED from src\main\AndroidManifest.xml:119:3-43
	android:name
		ADDED from src\main\AndroidManifest.xml:119:13-41
activity#com.beatsportable.beats.GUIGame
ADDED from src\main\AndroidManifest.xml:120:3-124:6
	android:configChanges
		ADDED from src\main\AndroidManifest.xml:123:4-65
	android:theme
		ADDED from src\main\AndroidManifest.xml:122:4-45
	android:name
		ADDED from src\main\AndroidManifest.xml:121:4-27